{"name": "Validate About Button", "status": "failed", "statusDetails": {"message": "AssertionError: Expected URL: https://saucelabs.com, but got: https://saucelabs.com/\nassert 'https://saucelabs.com/' == 'https://saucelabs.com'\n  \n  - https://saucelabs.com\n  + https://saucelabs.com/\n  ?                      +", "trace": "self = <tests.sidebar_test.TestSidebar object at 0x0000018DF1B31330>\nsetup = <selenium.webdriver.chrome.webdriver.WebDriver (session=\"ee5af7a3389903c9dfc9f1150886ed4e\")>\nlogin_page = <pages.login_page.LoginPage object at 0x0000018DF1B5BDF0>\nsidebar_page = <pages.sidebar_page.SideBarPage object at 0x0000018DF1B58DC0>\n\n    @allure.title(\"Validate About Button\")\n    @allure.description(\"This test validates the About button functionality.\")\n    def test_02_sidebar_functionality(self, setup, login_page, sidebar_page):\n        login_page.fill_info(self.valid_username, self.valid_password)\n        sidebar_page.go_to_about_page()\n    \n        # Directly check if the current URL is the expected URL\n        expected_url = \"https://saucelabs.com\"\n>       assert sidebar_page.driver.current_url == expected_url, f\"Expected URL: {expected_url}, but got: {sidebar_page.driver.current_url}\"\nE       AssertionError: Expected URL: https://saucelabs.com, but got: https://saucelabs.com/\nE       assert 'https://saucelabs.com/' == 'https://saucelabs.com'\nE         \nE         - https://saucelabs.com\nE         + https://saucelabs.com/\nE         ?                      +\n\nsidebar_test.py:37: AssertionError"}, "description": "This test validates the About button functionality.", "start": 1740118950482, "stop": 1740118956662, "uuid": "f2d768a4-a1c8-41e1-a8ba-b6a4a07d360c", "historyId": "06f76eec882616c8fd5fa1787867be41", "testCaseId": "06f76eec882616c8fd5fa1787867be41", "fullName": "tests.sidebar_test.TestSidebar#test_02_sidebar_functionality", "labels": [{"name": "parentSuite", "value": "tests"}, {"name": "suite", "value": "sidebar_test"}, {"name": "subSuite", "value": "TestSidebar"}, {"name": "host", "value": "Assaf"}, {"name": "thread", "value": "6148-MainThread"}, {"name": "framework", "value": "pytest"}, {"name": "language", "value": "cpython3"}, {"name": "package", "value": "tests.sidebar_test"}]}