{"name": "Validate Reset Button", "status": "broken", "statusDetails": {"message": "selenium.common.exceptions.TimeoutException: Message: \nStacktrace:\n\tGetHandleVerifier [0x00007FF6FA916EE5+28773]\n\t(No symbol) [0x00007FF6FA8825D0]\n\t(No symbol) [0x00007FF6FA718FAA]\n\t(No symbol) [0x00007FF6FA76F286]\n\t(No symbol) [0x00007FF6FA76F4BC]\n\t(No symbol) [0x00007FF6FA7C2A27]\n\t(No symbol) [0x00007FF6FA79728F]\n\t(No symbol) [0x00007FF6FA7BF6F3]\n\t(No symbol) [0x00007FF6FA797023]\n\t(No symbol) [0x00007FF6FA75FF5E]\n\t(No symbol) [0x00007FF6FA7611E3]\n\tGetHandleVerifier [0x00007FF6FAC6422D+3490733]\n\tGetHandleVerifier [0x00007FF6FAC7BA13+3586963]\n\tGetHandleVerifier [0x00007FF6FAC7144D+3544525]\n\tGetHandleVerifier [0x00007FF6FA9DC9AA+838442]\n\t(No symbol) [0x00007FF6FA88D01F]\n\t(No symbol) [0x00007FF6FA8895E4]\n\t(No symbol) [0x00007FF6FA889786]\n\t(No symbol) [0x00007FF6FA878CB9]\n\tBaseThreadInitThunk [0x00007FFD6BB27374+20]\n\tRtlUserThreadStart [0x00007FFD6D93CC91+33]", "trace": "self = <tests.sidebar_test.TestSidebar object at 0x0000028840BF0C70>\nsetup = <selenium.webdriver.chrome.webdriver.WebDriver (session=\"ffe074badc43017c80e8bad10c2b4e7f\")>\nlogin_page = <pages.login_page.LoginPage object at 0x0000028840C1C8B0>\nsidebar_page = <pages.sidebar_page.SideBarPage object at 0x0000028840C1D840>\nproducts_page = <pages.products_page.ProductsPage object at 0x0000028840C1FFA0>\ncart_page = <pages.cart_page.CartPage object at 0x0000028840C1FC40>\n\n    @allure.title(\"Validate Reset Button\")\n    @allure.description(\"This test validates the app reset functionality.\")\n    def test_03_app_reset_functionality(self, setup, login_page, sidebar_page, products_page, cart_page):\n        login_page.fill_info(self.valid_username, self.valid_password)\n        products_page.add_to_cart(random.randint(1, 6))\n        WebDriverWait(sidebar_page.driver, 10).until(\n            EC.text_to_be_present_in_element(\n                (By.CSS_SELECTOR, \".shopping_cart_badge\"),\n                \"1\"\n            )\n        )\n        cart_badge = sidebar_page.driver.find_element(By.CSS_SELECTOR, \".shopping_cart_badge\")\n        assert int(cart_badge.text) > 0, f\"Cart is empty, expected at least 1 item, but found {cart_badge.text}.\"\n    \n        sidebar_page.reset_app_state()\n        time.sleep(1)\n    \n>       WebDriverWait(sidebar_page.driver, 10).until(\n            EC.text_to_be_present_in_element(\n                (By.CSS_SELECTOR, \".shopping_cart_badge\"),\n                \"\"\n            )\n        )\n\nsidebar_test.py:57: \n_ _ _ _ _ _ _ _ _ _ _ _ _ _ _ _ _ _ _ _ _ _ _ _ _ _ _ _ _ _ _ _ _ _ _ _ _ _ _ _\n\nself = <selenium.webdriver.support.wait.WebDriverWait (session=\"ffe074badc43017c80e8bad10c2b4e7f\")>\nmethod = <function text_to_be_present_in_element.<locals>._predicate at 0x0000028840BAE170>\nmessage = ''\n\n    def until(self, method: Callable[[D], Union[Literal[False], T]], message: str = \"\") -> T:\n        \"\"\"Calls the method provided with the driver as an argument until the \\\n        return value does not evaluate to ``False``.\n    \n        :param method: callable(WebDriver)\n        :param message: optional message for :exc:`TimeoutException`\n        :returns: the result of the last call to `method`\n        :raises: :exc:`selenium.common.exceptions.TimeoutException` if timeout occurs\n        \"\"\"\n        screen = None\n        stacktrace = None\n    \n        end_time = time.monotonic() + self._timeout\n        while True:\n            try:\n                value = method(self._driver)\n                if value:\n                    return value\n            except self._ignored_exceptions as exc:\n                screen = getattr(exc, \"screen\", None)\n                stacktrace = getattr(exc, \"stacktrace\", None)\n            if time.monotonic() > end_time:\n                break\n            time.sleep(self._poll)\n>       raise TimeoutException(message, screen, stacktrace)\nE       selenium.common.exceptions.TimeoutException: Message: \nE       Stacktrace:\nE       \tGetHandleVerifier [0x00007FF6FA916EE5+28773]\nE       \t(No symbol) [0x00007FF6FA8825D0]\nE       \t(No symbol) [0x00007FF6FA718FAA]\nE       \t(No symbol) [0x00007FF6FA76F286]\nE       \t(No symbol) [0x00007FF6FA76F4BC]\nE       \t(No symbol) [0x00007FF6FA7C2A27]\nE       \t(No symbol) [0x00007FF6FA79728F]\nE       \t(No symbol) [0x00007FF6FA7BF6F3]\nE       \t(No symbol) [0x00007FF6FA797023]\nE       \t(No symbol) [0x00007FF6FA75FF5E]\nE       \t(No symbol) [0x00007FF6FA7611E3]\nE       \tGetHandleVerifier [0x00007FF6FAC6422D+3490733]\nE       \tGetHandleVerifier [0x00007FF6FAC7BA13+3586963]\nE       \tGetHandleVerifier [0x00007FF6FAC7144D+3544525]\nE       \tGetHandleVerifier [0x00007FF6FA9DC9AA+838442]\nE       \t(No symbol) [0x00007FF6FA88D01F]\nE       \t(No symbol) [0x00007FF6FA8895E4]\nE       \t(No symbol) [0x00007FF6FA889786]\nE       \t(No symbol) [0x00007FF6FA878CB9]\nE       \tBaseThreadInitThunk [0x00007FFD6BB27374+20]\nE       \tRtlUserThreadStart [0x00007FFD6D93CC91+33]\n\n..\\..\\..\\..\\AppData\\Local\\Programs\\Python\\Python310\\lib\\site-packages\\selenium\\webdriver\\support\\wait.py:105: TimeoutException"}, "description": "This test validates the app reset functionality.", "start": 1740122209907, "stop": 1740122224811, "uuid": "87842540-c74c-4780-80ec-ecd9f8745db6", "historyId": "bc4a154de334e7c950254be201313cdb", "testCaseId": "bc4a154de334e7c950254be201313cdb", "fullName": "tests.sidebar_test.TestSidebar#test_03_app_reset_functionality", "labels": [{"name": "parentSuite", "value": "tests"}, {"name": "suite", "value": "sidebar_test"}, {"name": "subSuite", "value": "TestSidebar"}, {"name": "host", "value": "Assaf"}, {"name": "thread", "value": "25320-MainThread"}, {"name": "framework", "value": "pytest"}, {"name": "language", "value": "cpython3"}, {"name": "package", "value": "tests.sidebar_test"}]}