{"name": "Validate Reset Button", "status": "broken", "statusDetails": {"message": "selenium.common.exceptions.TimeoutException: Message: \nStacktrace:\n\tGetHandleVerifier [0x00007FF7072B6EE5+28773]\n\t(No symbol) [0x00007FF7072225D0]\n\t(No symbol) [0x00007FF7070B8FAA]\n\t(No symbol) [0x00007FF70710F286]\n\t(No symbol) [0x00007FF70710F4BC]\n\t(No symbol) [0x00007FF707162A27]\n\t(No symbol) [0x00007FF70713728F]\n\t(No symbol) [0x00007FF70715F6F3]\n\t(No symbol) [0x00007FF707137023]\n\t(No symbol) [0x00007FF7070FFF5E]\n\t(No symbol) [0x00007FF7071011E3]\n\tGetHandleVerifier [0x00007FF70760422D+3490733]\n\tGetHandleVerifier [0x00007FF70761BA13+3586963]\n\tGetHandleVerifier [0x00007FF70761144D+3544525]\n\tGetHandleVerifier [0x00007FF70737C9AA+838442]\n\t(No symbol) [0x00007FF70722D01F]\n\t(No symbol) [0x00007FF7072295E4]\n\t(No symbol) [0x00007FF707229786]\n\t(No symbol) [0x00007FF707218CB9]\n\tBaseThreadInitThunk [0x00007FFD6BB27374+20]\n\tRtlUserThreadStart [0x00007FFD6D93CC91+33]", "trace": "self = <tests.sidebar_test.TestSidebar object at 0x00000280457B0C70>\nsetup = <selenium.webdriver.chrome.webdriver.WebDriver (session=\"b5095eba1a35fde62fec69d8897d0892\")>\nlogin_page = <pages.login_page.LoginPage object at 0x00000280457DC9D0>\nsidebar_page = <pages.sidebar_page.SideBarPage object at 0x00000280457DD7E0>\nproducts_page = <pages.products_page.ProductsPage object at 0x00000280457DFE80>\ncart_page = <pages.cart_page.CartPage object at 0x00000280457DFC10>\n\n    @allure.title(\"Validate Reset Button\")\n    @allure.description(\"This test validates the app reset functionality.\")\n    def test_03_app_reset_functionality(self, setup, login_page, sidebar_page, products_page, cart_page):\n        login_page.fill_info(self.valid_username, self.valid_password)\n        products_page.add_to_cart(random.randint(1, 6))\n        WebDriverWait(sidebar_page.driver, 10).until(\n            EC.text_to_be_present_in_element(\n                (By.CSS_SELECTOR, \".shopping_cart_badge\"),\n                \"1\"\n            )\n        )\n        cart_badge = sidebar_page.driver.find_element(By.CSS_SELECTOR, \".shopping_cart_badge\")\n        assert int(cart_badge.text) > 0, f\"Cart is empty, expected at least 1 item, but found {cart_badge.text}.\"\n    \n        sidebar_page.reset_app_state()\n        time.sleep(1)\n    \n>       WebDriverWait(sidebar_page.driver, 10).until(\n            EC.text_to_be_present_in_element(\n                (By.CSS_SELECTOR, \".shopping_cart_badge\"),\n                \" \"\n            )\n        )\n\nsidebar_test.py:57: \n_ _ _ _ _ _ _ _ _ _ _ _ _ _ _ _ _ _ _ _ _ _ _ _ _ _ _ _ _ _ _ _ _ _ _ _ _ _ _ _\n\nself = <selenium.webdriver.support.wait.WebDriverWait (session=\"b5095eba1a35fde62fec69d8897d0892\")>\nmethod = <function text_to_be_present_in_element.<locals>._predicate at 0x000002804576E170>\nmessage = ''\n\n    def until(self, method: Callable[[D], Union[Literal[False], T]], message: str = \"\") -> T:\n        \"\"\"Calls the method provided with the driver as an argument until the \\\n        return value does not evaluate to ``False``.\n    \n        :param method: callable(WebDriver)\n        :param message: optional message for :exc:`TimeoutException`\n        :returns: the result of the last call to `method`\n        :raises: :exc:`selenium.common.exceptions.TimeoutException` if timeout occurs\n        \"\"\"\n        screen = None\n        stacktrace = None\n    \n        end_time = time.monotonic() + self._timeout\n        while True:\n            try:\n                value = method(self._driver)\n                if value:\n                    return value\n            except self._ignored_exceptions as exc:\n                screen = getattr(exc, \"screen\", None)\n                stacktrace = getattr(exc, \"stacktrace\", None)\n            if time.monotonic() > end_time:\n                break\n            time.sleep(self._poll)\n>       raise TimeoutException(message, screen, stacktrace)\nE       selenium.common.exceptions.TimeoutException: Message: \nE       Stacktrace:\nE       \tGetHandleVerifier [0x00007FF7072B6EE5+28773]\nE       \t(No symbol) [0x00007FF7072225D0]\nE       \t(No symbol) [0x00007FF7070B8FAA]\nE       \t(No symbol) [0x00007FF70710F286]\nE       \t(No symbol) [0x00007FF70710F4BC]\nE       \t(No symbol) [0x00007FF707162A27]\nE       \t(No symbol) [0x00007FF70713728F]\nE       \t(No symbol) [0x00007FF70715F6F3]\nE       \t(No symbol) [0x00007FF707137023]\nE       \t(No symbol) [0x00007FF7070FFF5E]\nE       \t(No symbol) [0x00007FF7071011E3]\nE       \tGetHandleVerifier [0x00007FF70760422D+3490733]\nE       \tGetHandleVerifier [0x00007FF70761BA13+3586963]\nE       \tGetHandleVerifier [0x00007FF70761144D+3544525]\nE       \tGetHandleVerifier [0x00007FF70737C9AA+838442]\nE       \t(No symbol) [0x00007FF70722D01F]\nE       \t(No symbol) [0x00007FF7072295E4]\nE       \t(No symbol) [0x00007FF707229786]\nE       \t(No symbol) [0x00007FF707218CB9]\nE       \tBaseThreadInitThunk [0x00007FFD6BB27374+20]\nE       \tRtlUserThreadStart [0x00007FFD6D93CC91+33]\n\n..\\..\\..\\..\\AppData\\Local\\Programs\\Python\\Python310\\lib\\site-packages\\selenium\\webdriver\\support\\wait.py:105: TimeoutException"}, "description": "This test validates the app reset functionality.", "start": 1740120350855, "stop": 1740120365364, "uuid": "8c31586c-8623-4389-a06f-5ed85e465d3b", "historyId": "bc4a154de334e7c950254be201313cdb", "testCaseId": "bc4a154de334e7c950254be201313cdb", "fullName": "tests.sidebar_test.TestSidebar#test_03_app_reset_functionality", "labels": [{"name": "parentSuite", "value": "tests"}, {"name": "suite", "value": "sidebar_test"}, {"name": "subSuite", "value": "TestSidebar"}, {"name": "host", "value": "Assaf"}, {"name": "thread", "value": "26100-MainThread"}, {"name": "framework", "value": "pytest"}, {"name": "language", "value": "cpython3"}, {"name": "package", "value": "tests.sidebar_test"}]}