{"name": "Validate About Button", "status": "failed", "statusDetails": {"message": "AssertionError: Expected URL: https://saucelabs.com, but got: https://www.saucedemo.com/inventory.html\nassert 'https://saucelabs.com/' == 'https://saucelabs.com'\n  \n  - https://saucelabs.com\n  + https://saucelabs.com/\n  ?                      +", "trace": "self = <tests.sidebar_test.TestSidebar object at 0x0000021DD86535E0>\nsetup = <selenium.webdriver.chrome.webdriver.WebDriver (session=\"9780ebfe21ad868e2e7151272f63dd46\")>\nlogin_page = <pages.login_page.LoginPage object at 0x0000021DD8687E20>\nsidebar_page = <pages.sidebar_page.SideBarPage object at 0x0000021DD8685000>\n\n    @allure.title(\"Validate About Button\")\n    @allure.description(\"This test validates the About button functionality.\")\n    def test_02_sidebar_functionality(self, setup, login_page, sidebar_page):\n        login_page.fill_info(self.valid_username, self.valid_password)\n        current_url = sidebar_page.driver.current_url\n        sidebar_page.go_to_about_page()\n        time.sleep(1)\n        expected_url = \"https://saucelabs.com\"\n>       assert sidebar_page.driver.current_url == expected_url, f\"Expected URL: {expected_url}, but got: {current_url}\"\nE       AssertionError: Expected URL: https://saucelabs.com, but got: https://www.saucedemo.com/inventory.html\nE       assert 'https://saucelabs.com/' == 'https://saucelabs.com'\nE         \nE         - https://saucelabs.com\nE         + https://saucelabs.com/\nE         ?                      +\n\nsidebar_test.py:34: AssertionError"}, "description": "This test validates the About button functionality.", "start": 1740118376140, "stop": 1740118383248, "uuid": "ae9c28b0-9413-45a8-915a-f7e0661425d4", "historyId": "06f76eec882616c8fd5fa1787867be41", "testCaseId": "06f76eec882616c8fd5fa1787867be41", "fullName": "tests.sidebar_test.TestSidebar#test_02_sidebar_functionality", "labels": [{"name": "parentSuite", "value": "tests"}, {"name": "suite", "value": "sidebar_test"}, {"name": "subSuite", "value": "TestSidebar"}, {"name": "host", "value": "Assaf"}, {"name": "thread", "value": "23180-MainThread"}, {"name": "framework", "value": "pytest"}, {"name": "language", "value": "cpython3"}, {"name": "package", "value": "tests.sidebar_test"}]}