{"name": "Validate About Button", "status": "broken", "statusDetails": {"message": "selenium.common.exceptions.TimeoutException: Message:", "trace": "self = <tests.sidebar_test.TestSidebar object at 0x000002BC52223670>\nsetup = <selenium.webdriver.chrome.webdriver.WebDriver (session=\"92fcd7209e2733201cc8430d013356d4\")>\nlogin_page = <pages.login_page.LoginPage object at 0x000002BC52255C60>\nsidebar_page = <pages.sidebar_page.SideBarPage object at 0x000002BC522550F0>\n\n    @allure.title(\"Validate About Button\")\n    @allure.description(\"This test validates the About button functionality.\")\n    def test_02_sidebar_functionality(self, setup, login_page, sidebar_page):\n        login_page.fill_info(self.valid_username, self.valid_password)\n        current_url = sidebar_page.driver.current_url\n        expected_url = \"https://saucelabs.com\"\n    \n        sidebar_page.go_to_about_page()\n>       WebDriverWait(sidebar_page.driver, 10).until(\n            EC.url_to_be(expected_url)\n        )\n\nsidebar_test.py:37: \n_ _ _ _ _ _ _ _ _ _ _ _ _ _ _ _ _ _ _ _ _ _ _ _ _ _ _ _ _ _ _ _ _ _ _ _ _ _ _ _\n\nself = <selenium.webdriver.support.wait.WebDriverWait (session=\"92fcd7209e2733201cc8430d013356d4\")>\nmethod = <function url_to_be.<locals>._predicate at 0x000002BC521DE0E0>\nmessage = ''\n\n    def until(self, method: Callable[[D], Union[Literal[False], T]], message: str = \"\") -> T:\n        \"\"\"Calls the method provided with the driver as an argument until the \\\n        return value does not evaluate to ``False``.\n    \n        :param method: callable(WebDriver)\n        :param message: optional message for :exc:`TimeoutException`\n        :returns: the result of the last call to `method`\n        :raises: :exc:`selenium.common.exceptions.TimeoutException` if timeout occurs\n        \"\"\"\n        screen = None\n        stacktrace = None\n    \n        end_time = time.monotonic() + self._timeout\n        while True:\n            try:\n                value = method(self._driver)\n                if value:\n                    return value\n            except self._ignored_exceptions as exc:\n                screen = getattr(exc, \"screen\", None)\n                stacktrace = getattr(exc, \"stacktrace\", None)\n            if time.monotonic() > end_time:\n                break\n            time.sleep(self._poll)\n>       raise TimeoutException(message, screen, stacktrace)\nE       selenium.common.exceptions.TimeoutException: Message:\n\n..\\..\\..\\..\\AppData\\Local\\Programs\\Python\\Python310\\lib\\site-packages\\selenium\\webdriver\\support\\wait.py:105: TimeoutException"}, "description": "This test validates the About button functionality.", "start": 1740118583720, "stop": 1740118600074, "uuid": "20d470fa-7395-4d7b-aaa7-8ba03e4378c8", "historyId": "06f76eec882616c8fd5fa1787867be41", "testCaseId": "06f76eec882616c8fd5fa1787867be41", "fullName": "tests.sidebar_test.TestSidebar#test_02_sidebar_functionality", "labels": [{"name": "parentSuite", "value": "tests"}, {"name": "suite", "value": "sidebar_test"}, {"name": "subSuite", "value": "TestSidebar"}, {"name": "host", "value": "Assaf"}, {"name": "thread", "value": "29340-MainThread"}, {"name": "framework", "value": "pytest"}, {"name": "language", "value": "cpython3"}, {"name": "package", "value": "tests.sidebar_test"}]}