{"name": "Invalid Password Login Test", "status": "broken", "statusDetails": {"message": "selenium.common.exceptions.NoSuchElementException: Message: no such element: Unable to locate element: {\"method\":\"css selector\",\"selector\":\"#user-name\"}\n  (Session info: chrome=131.0.6778.264); For documentation on this error, please visit: https://www.selenium.dev/documentation/webdriver/troubleshooting/errors#no-such-element-exception\nStacktrace:\n\tGetHandleVerifier [0x00007FF6377E80D5+2992373]\n\t(No symbol) [0x00007FF63747BFD0]\n\t(No symbol) [0x00007FF63731590A]\n\t(No symbol) [0x00007FF63736926E]\n\t(No symbol) [0x00007FF63736955C]\n\t(No symbol) [0x00007FF6373B27D7]\n\t(No symbol) [0x00007FF63738F3AF]\n\t(No symbol) [0x00007FF6373AF584]\n\t(No symbol) [0x00007FF63738F113]\n\t(No symbol) [0x00007FF63735A918]\n\t(No symbol) [0x00007FF63735BA81]\n\tGetHandleVerifier [0x00007FF637846A2D+3379789]\n\tGetHandleVerifier [0x00007FF63785C32D+3468109]\n\tGetHandleVerifier [0x00007FF637850043+3418211]\n\tGetHandleVerifier [0x00007FF6375DC78B+847787]\n\t(No symbol) [0x00007FF63748757F]\n\t(No symbol) [0x00007FF637482FC4]\n\t(No symbol) [0x00007FF63748315D]\n\t(No symbol) [0x00007FF637472979]\n\tBaseThreadInitThunk [0x00007FFFBBB87374+20]\n\tRtlUserThreadStart [0x00007FFFBD4DCC91+33]", "trace": "self = <tests.login_test.TestLogin object at 0x0000015BAE350070>\n\n    @pytest.mark.critical\n    @allure.title(\"Invalid Password Login Test\")\n    @allure.description(\"This test verifies that attempting to log in with an incorrect password ('secrt_suce') displays the correct error message and prevents login.\")\n    def test_03_invalid_password_standard_user(self):\n        login_page = LoginPage(self.driver)\n>       login_page.fill_info(\"standard_user\", \"secrt_suce\")\n\nlogin_test.py:28: \n_ _ _ _ _ _ _ _ _ _ _ _ _ _ _ _ _ _ _ _ _ _ _ _ _ _ _ _ _ _ _ _ _ _ _ _ _ _ _ _\n..\\pages\\login_page.py:23: in fill_info\n    self.fill_text(self.USER_NAME, username)  # Use BasePage's fill_text\n..\\pages\\BasePage.py:11: in fill_text\n    el = self.driver.find_element(*locator)\n..\\..\\..\\AppData\\Local\\Programs\\Python\\Python310\\lib\\site-packages\\selenium\\webdriver\\remote\\webdriver.py:766: in find_element\n    return self.execute(Command.FIND_ELEMENT, {\"using\": by, \"value\": value})[\"value\"]\n..\\..\\..\\AppData\\Local\\Programs\\Python\\Python310\\lib\\site-packages\\selenium\\webdriver\\remote\\webdriver.py:380: in execute\n    self.error_handler.check_response(response)\n_ _ _ _ _ _ _ _ _ _ _ _ _ _ _ _ _ _ _ _ _ _ _ _ _ _ _ _ _ _ _ _ _ _ _ _ _ _ _ _\n\nself = <selenium.webdriver.remote.errorhandler.ErrorHandler object at 0x0000015BAE368370>\nresponse = {'status': 404, 'value': '{\"value\":{\"error\":\"no such element\",\"message\":\"no such element: Unable to locate element: {\\...07FF637472979]\\\\n\\\\tBaseThreadInitThunk [0x00007FFFBBB87374+20]\\\\n\\\\tRtlUserThreadStart [0x00007FFFBD4DCC91+33]\\\\n\"}}'}\n\n    def check_response(self, response: Dict[str, Any]) -> None:\n        \"\"\"Checks that a JSON response from the WebDriver does not have an\n        error.\n    \n        :Args:\n         - response - The JSON response from the WebDriver server as a dictionary\n           object.\n    \n        :Raises: If the response contains an error message.\n        \"\"\"\n        status = response.get(\"status\", None)\n        if not status or status == ErrorCode.SUCCESS:\n            return\n        value = None\n        message = response.get(\"message\", \"\")\n        screen: str = response.get(\"screen\", \"\")\n        stacktrace = None\n        if isinstance(status, int):\n            value_json = response.get(\"value\", None)\n            if value_json and isinstance(value_json, str):\n                import json\n    \n                try:\n                    value = json.loads(value_json)\n                    if len(value) == 1:\n                        value = value[\"value\"]\n                    status = value.get(\"error\", None)\n                    if not status:\n                        status = value.get(\"status\", ErrorCode.UNKNOWN_ERROR)\n                        message = value.get(\"value\") or value.get(\"message\")\n                        if not isinstance(message, str):\n                            value = message\n                            message = message.get(\"message\")\n                    else:\n                        message = value.get(\"message\", None)\n                except ValueError:\n                    pass\n    \n        exception_class: Type[WebDriverException]\n        e = ErrorCode()\n        error_codes = [item for item in dir(e) if not item.startswith(\"__\")]\n        for error_code in error_codes:\n            error_info = getattr(ErrorCode, error_code)\n            if isinstance(error_info, list) and status in error_info:\n                exception_class = getattr(ExceptionMapping, error_code, WebDriverException)\n                break\n        else:\n            exception_class = WebDriverException\n    \n        if not value:\n            value = response[\"value\"]\n        if isinstance(value, str):\n            raise exception_class(value)\n        if message == \"\" and \"message\" in value:\n            message = value[\"message\"]\n    \n        screen = None  # type: ignore[assignment]\n        if \"screen\" in value:\n            screen = value[\"screen\"]\n    \n        stacktrace = None\n        st_value = value.get(\"stackTrace\") or value.get(\"stacktrace\")\n        if st_value:\n            if isinstance(st_value, str):\n                stacktrace = st_value.split(\"\\n\")\n            else:\n                stacktrace = []\n                try:\n                    for frame in st_value:\n                        line = frame.get(\"lineNumber\", \"\")\n                        file = frame.get(\"fileName\", \"<anonymous>\")\n                        if line:\n                            file = f\"{file}:{line}\"\n                        meth = frame.get(\"methodName\", \"<anonymous>\")\n                        if \"className\" in frame:\n                            meth = f\"{frame['className']}.{meth}\"\n                        msg = \"    at %s (%s)\"\n                        msg = msg % (meth, file)\n                        stacktrace.append(msg)\n                except TypeError:\n                    pass\n        if exception_class == UnexpectedAlertPresentException:\n            alert_text = None\n            if \"data\" in value:\n                alert_text = value[\"data\"].get(\"text\")\n            elif \"alert\" in value:\n                alert_text = value[\"alert\"].get(\"text\")\n            raise exception_class(message, screen, stacktrace, alert_text)  # type: ignore[call-arg]  # mypy is not smart enough here\n>       raise exception_class(message, screen, stacktrace)\nE       selenium.common.exceptions.NoSuchElementException: Message: no such element: Unable to locate element: {\"method\":\"css selector\",\"selector\":\"#user-name\"}\nE         (Session info: chrome=131.0.6778.264); For documentation on this error, please visit: https://www.selenium.dev/documentation/webdriver/troubleshooting/errors#no-such-element-exception\nE       Stacktrace:\nE       \tGetHandleVerifier [0x00007FF6377E80D5+2992373]\nE       \t(No symbol) [0x00007FF63747BFD0]\nE       \t(No symbol) [0x00007FF63731590A]\nE       \t(No symbol) [0x00007FF63736926E]\nE       \t(No symbol) [0x00007FF63736955C]\nE       \t(No symbol) [0x00007FF6373B27D7]\nE       \t(No symbol) [0x00007FF63738F3AF]\nE       \t(No symbol) [0x00007FF6373AF584]\nE       \t(No symbol) [0x00007FF63738F113]\nE       \t(No symbol) [0x00007FF63735A918]\nE       \t(No symbol) [0x00007FF63735BA81]\nE       \tGetHandleVerifier [0x00007FF637846A2D+3379789]\nE       \tGetHandleVerifier [0x00007FF63785C32D+3468109]\nE       \tGetHandleVerifier [0x00007FF637850043+3418211]\nE       \tGetHandleVerifier [0x00007FF6375DC78B+847787]\nE       \t(No symbol) [0x00007FF63748757F]\nE       \t(No symbol) [0x00007FF637482FC4]\nE       \t(No symbol) [0x00007FF63748315D]\nE       \t(No symbol) [0x00007FF637472979]\nE       \tBaseThreadInitThunk [0x00007FFFBBB87374+20]\nE       \tRtlUserThreadStart [0x00007FFFBD4DCC91+33]\n\n..\\..\\..\\AppData\\Local\\Programs\\Python\\Python310\\lib\\site-packages\\selenium\\webdriver\\remote\\errorhandler.py:229: NoSuchElementException"}, "description": "This test verifies that attempting to log in with an incorrect password ('secrt_suce') displays the correct error message and prevents login.", "start": 1736339467581, "stop": 1736339467594, "uuid": "433a3ec8-3bf1-4fdc-8911-80dd2e0bd597", "historyId": "af25a25e8e143b612e8e22679ebf4c18", "testCaseId": "af25a25e8e143b612e8e22679ebf4c18", "fullName": "tests.login_test.TestLogin#test_03_invalid_password_standard_user", "labels": [{"name": "tag", "value": "critical"}, {"name": "parentSuite", "value": "tests"}, {"name": "suite", "value": "login_test"}, {"name": "subSuite", "value": "TestLogin"}, {"name": "host", "value": "Assaf"}, {"name": "thread", "value": "14592-MainThread"}, {"name": "framework", "value": "pytest"}, {"name": "language", "value": "cpython3"}, {"name": "package", "value": "tests.login_test"}]}