{"name": "Validate Reset Button", "status": "broken", "statusDetails": {"message": "selenium.common.exceptions.NoSuchElementException: Message: no such element: Unable to locate element: {\"method\":\"css selector\",\"selector\":\".shopping_cart_badge\"}\n  (Session info: chrome=133.0.6943.127); For documentation on this error, please visit: https://www.selenium.dev/documentation/webdriver/troubleshooting/errors#no-such-element-exception\nStacktrace:\n\tGetHandleVerifier [0x00007FF6FA916EE5+28773]\n\t(No symbol) [0x00007FF6FA8825D0]\n\t(No symbol) [0x00007FF6FA718FAA]\n\t(No symbol) [0x00007FF6FA76F286]\n\t(No symbol) [0x00007FF6FA76F4BC]\n\t(No symbol) [0x00007FF6FA7C2A27]\n\t(No symbol) [0x00007FF6FA79728F]\n\t(No symbol) [0x00007FF6FA7BF6F3]\n\t(No symbol) [0x00007FF6FA797023]\n\t(No symbol) [0x00007FF6FA75FF5E]\n\t(No symbol) [0x00007FF6FA7611E3]\n\tGetHandleVerifier [0x00007FF6FAC6422D+3490733]\n\tGetHandleVerifier [0x00007FF6FAC7BA13+3586963]\n\tGetHandleVerifier [0x00007FF6FAC7144D+3544525]\n\tGetHandleVerifier [0x00007FF6FA9DC9AA+838442]\n\t(No symbol) [0x00007FF6FA88D01F]\n\t(No symbol) [0x00007FF6FA8895E4]\n\t(No symbol) [0x00007FF6FA889786]\n\t(No symbol) [0x00007FF6FA878CB9]\n\tBaseThreadInitThunk [0x00007FFD6BB27374+20]\n\tRtlUserThreadStart [0x00007FFD6D93CC91+33]", "trace": "self = <tests.sidebar_test.TestSidebar object at 0x0000013EC2530AC0>\nsetup = <selenium.webdriver.chrome.webdriver.WebDriver (session=\"646092db4a17c286f84ec846a4bff96d\")>\nlogin_page = <pages.login_page.LoginPage object at 0x0000013EC255DF00>\nsidebar_page = <pages.sidebar_page.SideBarPage object at 0x0000013EC255D090>\nproducts_page = <pages.products_page.ProductsPage object at 0x0000013EC255FFA0>\ncart_page = <pages.cart_page.CartPage object at 0x0000013EC255FC40>\n\n    @allure.title(\"Validate Reset Button\")\n    @allure.description(\"This test validates the app reset functionality.\")\n    def test_03_app_reset_functionality(self, setup, login_page, sidebar_page, products_page, cart_page):\n        login_page.fill_info(self.valid_username, self.valid_password)\n        products_page.add_to_cart(random.randint(1, 6))\n        WebDriverWait(sidebar_page.driver, 10).until(\n            EC.text_to_be_present_in_element(\n                (By.CSS_SELECTOR, \".shopping_cart_badge\"),\n                \"1\"\n            )\n        )\n        cart_badge = sidebar_page.driver.find_element(By.CSS_SELECTOR, \".shopping_cart_badge\")\n        assert int(cart_badge.text) > 0, f\"Cart is empty, expected at least 1 item, but found {cart_badge.text}.\"\n    \n        sidebar_page.reset_app_state()\n        time.sleep(1)\n    \n        # Wait for the cart badge to disappear or be empty\n        WebDriverWait(sidebar_page.driver, 10).until(\n            EC.invisibility_of_element_located((By.CSS_SELECTOR, \".shopping_cart_badge\"))\n        )\n    \n        # Verify the cart is empty after reset\n>       cart_badge_after_reset = sidebar_page.driver.find_element(By.CSS_SELECTOR, \".shopping_cart_badge\")\n\nsidebar_test.py:63: \n_ _ _ _ _ _ _ _ _ _ _ _ _ _ _ _ _ _ _ _ _ _ _ _ _ _ _ _ _ _ _ _ _ _ _ _ _ _ _ _\n..\\..\\..\\..\\AppData\\Local\\Programs\\Python\\Python310\\lib\\site-packages\\selenium\\webdriver\\remote\\webdriver.py:766: in find_element\n    return self.execute(Command.FIND_ELEMENT, {\"using\": by, \"value\": value})[\"value\"]\n..\\..\\..\\..\\AppData\\Local\\Programs\\Python\\Python310\\lib\\site-packages\\selenium\\webdriver\\remote\\webdriver.py:380: in execute\n    self.error_handler.check_response(response)\n_ _ _ _ _ _ _ _ _ _ _ _ _ _ _ _ _ _ _ _ _ _ _ _ _ _ _ _ _ _ _ _ _ _ _ _ _ _ _ _\n\nself = <selenium.webdriver.remote.errorhandler.ErrorHandler object at 0x0000013EC255CBE0>\nresponse = {'status': 404, 'value': '{\"value\":{\"error\":\"no such element\",\"message\":\"no such element: Unable to locate element: {\\...07FF6FA878CB9]\\\\n\\\\tBaseThreadInitThunk [0x00007FFD6BB27374+20]\\\\n\\\\tRtlUserThreadStart [0x00007FFD6D93CC91+33]\\\\n\"}}'}\n\n    def check_response(self, response: Dict[str, Any]) -> None:\n        \"\"\"Checks that a JSON response from the WebDriver does not have an\n        error.\n    \n        :Args:\n         - response - The JSON response from the WebDriver server as a dictionary\n           object.\n    \n        :Raises: If the response contains an error message.\n        \"\"\"\n        status = response.get(\"status\", None)\n        if not status or status == ErrorCode.SUCCESS:\n            return\n        value = None\n        message = response.get(\"message\", \"\")\n        screen: str = response.get(\"screen\", \"\")\n        stacktrace = None\n        if isinstance(status, int):\n            value_json = response.get(\"value\", None)\n            if value_json and isinstance(value_json, str):\n                import json\n    \n                try:\n                    value = json.loads(value_json)\n                    if len(value) == 1:\n                        value = value[\"value\"]\n                    status = value.get(\"error\", None)\n                    if not status:\n                        status = value.get(\"status\", ErrorCode.UNKNOWN_ERROR)\n                        message = value.get(\"value\") or value.get(\"message\")\n                        if not isinstance(message, str):\n                            value = message\n                            message = message.get(\"message\")\n                    else:\n                        message = value.get(\"message\", None)\n                except ValueError:\n                    pass\n    \n        exception_class: Type[WebDriverException]\n        e = ErrorCode()\n        error_codes = [item for item in dir(e) if not item.startswith(\"__\")]\n        for error_code in error_codes:\n            error_info = getattr(ErrorCode, error_code)\n            if isinstance(error_info, list) and status in error_info:\n                exception_class = getattr(ExceptionMapping, error_code, WebDriverException)\n                break\n        else:\n            exception_class = WebDriverException\n    \n        if not value:\n            value = response[\"value\"]\n        if isinstance(value, str):\n            raise exception_class(value)\n        if message == \"\" and \"message\" in value:\n            message = value[\"message\"]\n    \n        screen = None  # type: ignore[assignment]\n        if \"screen\" in value:\n            screen = value[\"screen\"]\n    \n        stacktrace = None\n        st_value = value.get(\"stackTrace\") or value.get(\"stacktrace\")\n        if st_value:\n            if isinstance(st_value, str):\n                stacktrace = st_value.split(\"\\n\")\n            else:\n                stacktrace = []\n                try:\n                    for frame in st_value:\n                        line = frame.get(\"lineNumber\", \"\")\n                        file = frame.get(\"fileName\", \"<anonymous>\")\n                        if line:\n                            file = f\"{file}:{line}\"\n                        meth = frame.get(\"methodName\", \"<anonymous>\")\n                        if \"className\" in frame:\n                            meth = f\"{frame['className']}.{meth}\"\n                        msg = \"    at %s (%s)\"\n                        msg = msg % (meth, file)\n                        stacktrace.append(msg)\n                except TypeError:\n                    pass\n        if exception_class == UnexpectedAlertPresentException:\n            alert_text = None\n            if \"data\" in value:\n                alert_text = value[\"data\"].get(\"text\")\n            elif \"alert\" in value:\n                alert_text = value[\"alert\"].get(\"text\")\n            raise exception_class(message, screen, stacktrace, alert_text)  # type: ignore[call-arg]  # mypy is not smart enough here\n>       raise exception_class(message, screen, stacktrace)\nE       selenium.common.exceptions.NoSuchElementException: Message: no such element: Unable to locate element: {\"method\":\"css selector\",\"selector\":\".shopping_cart_badge\"}\nE         (Session info: chrome=133.0.6943.127); For documentation on this error, please visit: https://www.selenium.dev/documentation/webdriver/troubleshooting/errors#no-such-element-exception\nE       Stacktrace:\nE       \tGetHandleVerifier [0x00007FF6FA916EE5+28773]\nE       \t(No symbol) [0x00007FF6FA8825D0]\nE       \t(No symbol) [0x00007FF6FA718FAA]\nE       \t(No symbol) [0x00007FF6FA76F286]\nE       \t(No symbol) [0x00007FF6FA76F4BC]\nE       \t(No symbol) [0x00007FF6FA7C2A27]\nE       \t(No symbol) [0x00007FF6FA79728F]\nE       \t(No symbol) [0x00007FF6FA7BF6F3]\nE       \t(No symbol) [0x00007FF6FA797023]\nE       \t(No symbol) [0x00007FF6FA75FF5E]\nE       \t(No symbol) [0x00007FF6FA7611E3]\nE       \tGetHandleVerifier [0x00007FF6FAC6422D+3490733]\nE       \tGetHandleVerifier [0x00007FF6FAC7BA13+3586963]\nE       \tGetHandleVerifier [0x00007FF6FAC7144D+3544525]\nE       \tGetHandleVerifier [0x00007FF6FA9DC9AA+838442]\nE       \t(No symbol) [0x00007FF6FA88D01F]\nE       \t(No symbol) [0x00007FF6FA8895E4]\nE       \t(No symbol) [0x00007FF6FA889786]\nE       \t(No symbol) [0x00007FF6FA878CB9]\nE       \tBaseThreadInitThunk [0x00007FFD6BB27374+20]\nE       \tRtlUserThreadStart [0x00007FFD6D93CC91+33]\n\n..\\..\\..\\..\\AppData\\Local\\Programs\\Python\\Python310\\lib\\site-packages\\selenium\\webdriver\\remote\\errorhandler.py:229: NoSuchElementException"}, "description": "This test validates the app reset functionality.", "start": 1740122316106, "stop": 1740122320476, "uuid": "6188d388-e4f1-44fb-bd29-e14fb90d483c", "historyId": "bc4a154de334e7c950254be201313cdb", "testCaseId": "bc4a154de334e7c950254be201313cdb", "fullName": "tests.sidebar_test.TestSidebar#test_03_app_reset_functionality", "labels": [{"name": "parentSuite", "value": "tests"}, {"name": "suite", "value": "sidebar_test"}, {"name": "subSuite", "value": "TestSidebar"}, {"name": "host", "value": "Assaf"}, {"name": "thread", "value": "27392-MainThread"}, {"name": "framework", "value": "pytest"}, {"name": "language", "value": "cpython3"}, {"name": "package", "value": "tests.sidebar_test"}]}